<?xml version="1.0" encoding="UTF-8"?>
<!-- Generated by org.testng.reporters.JUnitXMLReporter -->
<testsuite hostname="LAPTOP-6QQ7ETMI" ignored="0" name="Test Chrome" tests="20" failures="10" timestamp="21 Nov 2020 08:14:43 GMT" time="184.337" errors="0">
  <testcase name="verifyTitle" time="0.324" classname="TestScenerios.Scenerios"/>
  <testcase name="verifyClick" time="2.677" classname="TestScenerios.Scenerios"/>
  <testcase name="verifyOneway" time="0.269" classname="TestScenerios.Scenerios"/>
  <testcase name="enterSource" time="8.215" classname="TestScenerios.Scenerios"/>
  <testcase name="enterDestination" time="6.651" classname="TestScenerios.Scenerios"/>
  <testcase name="enterDepatureDate" time="1.383" classname="TestScenerios.Scenerios"/>
  <testcase name="enterPickupTime" time="1.203" classname="TestScenerios.Scenerios"/>
  <testcase name="clickSearch" time="7.406" classname="TestScenerios.Scenerios"/>
  <testcase name="findSUV" time="16.579" classname="TestScenerios.Scenerios"/>
  <testcase name="gitCards" time="35.688" classname="TestScenerios.Scenerios"/>
  <testcase name="amountPlaceHolder" time="20.166" classname="TestScenerios.Scenerios">
    <failure type="java.lang.AssertionError" message="expected [true] but found [false]">
      <![CDATA[java.lang.AssertionError: expected [true] but found [false]
at TestScenerios.Scenerios.amountPlaceHolder(Scenerios.java:293)
... Removed 29 stack frames]]>
    </failure>
  </testcase> <!-- amountPlaceHolder -->
  <testcase name="datePlaceHolder" time="9.928" classname="TestScenerios.Scenerios">
    <failure type="java.lang.AssertionError" message="expected [true] but found [false]">
      <![CDATA[java.lang.AssertionError: expected [true] but found [false]
at TestScenerios.Scenerios.datePlaceHolder(Scenerios.java:311)
... Removed 29 stack frames]]>
    </failure>
  </testcase> <!-- datePlaceHolder -->
  <testcase name="empty" time="2.016" classname="TestScenerios.Scenerios">
    <failure type="java.lang.AssertionError" message="expected [true] but found [false]">
      <![CDATA[java.lang.AssertionError: expected [true] but found [false]
at TestScenerios.Scenerios.empty(Scenerios.java:336)
... Removed 29 stack frames]]>
    </failure>
  </testcase> <!-- empty -->
  <testcase name="amountLess" time="0.023" classname="TestScenerios.Scenerios">
    <failure type="java.lang.AssertionError" message="expected [true] but found [false]">
      <![CDATA[java.lang.AssertionError: expected [true] but found [false]
at TestScenerios.Scenerios.amountLess(Scenerios.java:366)
... Removed 29 stack frames]]>
    </failure>
  </testcase> <!-- amountLess -->
  <testcase name="amountMore" time="0.017" classname="TestScenerios.Scenerios">
    <failure type="java.lang.AssertionError" message="expected [true] but found [false]">
      <![CDATA[java.lang.AssertionError: expected [true] but found [false]
at TestScenerios.Scenerios.amountMore(Scenerios.java:393)
... Removed 29 stack frames]]>
    </failure>
  </testcase> <!-- amountMore -->
  <testcase name="untick" time="0.014" classname="TestScenerios.Scenerios">
    <failure type="java.lang.AssertionError" message="expected [true] but found [false]">
      <![CDATA[java.lang.AssertionError: expected [true] but found [false]
at TestScenerios.Scenerios.untick(Scenerios.java:422)
... Removed 29 stack frames]]>
    </failure>
  </testcase> <!-- untick -->
  <testcase name="tick" time="2.008" classname="TestScenerios.Scenerios">
    <failure type="java.lang.AssertionError" message="expected [true] but found [false]">
      <![CDATA[java.lang.AssertionError: expected [true] but found [false]
at TestScenerios.Scenerios.tick(Scenerios.java:440)
... Removed 29 stack frames]]>
    </failure>
  </testcase> <!-- tick -->
  <testcase name="namePlaceHolder" time="0.017" classname="TestScenerios.Scenerios">
    <failure type="java.lang.AssertionError" message="expected [true] but found [false]">
      <![CDATA[java.lang.AssertionError: expected [true] but found [false]
at TestScenerios.Scenerios.namePlaceHolder(Scenerios.java:460)
... Removed 29 stack frames]]>
    </failure>
  </testcase> <!-- namePlaceHolder -->
  <testcase name="emailPlaceHolder" time="0.016" classname="TestScenerios.Scenerios">
    <failure type="java.lang.AssertionError" message="expected [true] but found [false]">
      <![CDATA[java.lang.AssertionError: expected [true] but found [false]
at TestScenerios.Scenerios.emailPlaceHolder(Scenerios.java:478)
... Removed 29 stack frames]]>
    </failure>
  </testcase> <!-- emailPlaceHolder -->
  <testcase name="invalidEmail" time="0.016" classname="TestScenerios.Scenerios">
    <failure type="java.lang.AssertionError" message="expected [true] but found [false]">
      <![CDATA[java.lang.AssertionError: expected [true] but found [false]
at TestScenerios.Scenerios.invalidEmail(Scenerios.java:507)
... Removed 29 stack frames]]>
    </failure>
  </testcase> <!-- invalidEmail -->
</testsuite> <!-- Test Chrome -->
