<?xml version="1.0" encoding="UTF-8"?>
<!-- Generated by org.testng.reporters.JUnitXMLReporter -->
<testsuite hostname="LAPTOP-1NL8S0VC" name="Test Firefox S2" tests="5" failures="0" timestamp="23 Oct 2020 18:32:07 GMT" time="28.873" errors="0">
  <testcase name="verifyOneway" time="0.483" classname="TestScenerios.Scenerio2"/>
  <testcase name="enterSource" time="6.83" classname="TestScenerios.Scenerio2"/>
  <testcase name="enterDestination" time="6.473" classname="TestScenerios.Scenerio2"/>
  <testcase name="enterDepatureDate" time="0.631" classname="TestScenerios.Scenerio2"/>
  <testcase name="enterPickupTime" time="0.694" classname="TestScenerios.Scenerio2"/>
</testsuite> <!-- Test Firefox S2 -->
