<?xml version="1.0" encoding="UTF-8"?>
<!-- Generated by org.testng.reporters.JUnitXMLReporter -->
<testsuite hostname="LAPTOP-6QQ7ETMI" ignored="0" name="Test Opera" tests="20" failures="10" timestamp="21 Nov 2020 08:23:08 GMT" time="339.217" errors="0">
  <testcase name="verifyTitle" time="0.08" classname="TestScenerios.Scenerios"/>
  <testcase name="verifyClick" time="1.519" classname="TestScenerios.Scenerios"/>
  <testcase name="verifyOneway" time="0.129" classname="TestScenerios.Scenerios"/>
  <testcase name="enterSource" time="7.211" classname="TestScenerios.Scenerios"/>
  <testcase name="enterDestination" time="6.43" classname="TestScenerios.Scenerios"/>
  <testcase name="enterDepatureDate" time="0.887" classname="TestScenerios.Scenerios"/>
  <testcase name="enterPickupTime" time="1.0" classname="TestScenerios.Scenerios"/>
  <testcase name="clickSearch" time="12.775" classname="TestScenerios.Scenerios"/>
  <testcase name="findSUV" time="5.325" classname="TestScenerios.Scenerios"/>
  <testcase name="gitCards" time="36.4" classname="TestScenerios.Scenerios"/>
  <testcase name="amountPlaceHolder" time="20.074" classname="TestScenerios.Scenerios">
    <failure type="java.lang.AssertionError" message="expected [true] but found [false]">
      <![CDATA[java.lang.AssertionError: expected [true] but found [false]
at TestScenerios.Scenerios.amountPlaceHolder(Scenerios.java:293)
... Removed 29 stack frames]]>
    </failure>
  </testcase> <!-- amountPlaceHolder -->
  <testcase name="datePlaceHolder" time="20.06" classname="TestScenerios.Scenerios">
    <failure type="java.lang.AssertionError" message="expected [true] but found [false]">
      <![CDATA[java.lang.AssertionError: expected [true] but found [false]
at TestScenerios.Scenerios.datePlaceHolder(Scenerios.java:311)
... Removed 29 stack frames]]>
    </failure>
  </testcase> <!-- datePlaceHolder -->
  <testcase name="empty" time="22.057" classname="TestScenerios.Scenerios">
    <failure type="java.lang.AssertionError" message="expected [true] but found [false]">
      <![CDATA[java.lang.AssertionError: expected [true] but found [false]
at TestScenerios.Scenerios.empty(Scenerios.java:336)
... Removed 29 stack frames]]>
    </failure>
  </testcase> <!-- empty -->
  <testcase name="amountLess" time="20.043" classname="TestScenerios.Scenerios">
    <failure type="java.lang.AssertionError" message="expected [true] but found [false]">
      <![CDATA[java.lang.AssertionError: expected [true] but found [false]
at TestScenerios.Scenerios.amountLess(Scenerios.java:366)
... Removed 29 stack frames]]>
    </failure>
  </testcase> <!-- amountLess -->
  <testcase name="amountMore" time="20.023" classname="TestScenerios.Scenerios">
    <failure type="java.lang.AssertionError" message="expected [true] but found [false]">
      <![CDATA[java.lang.AssertionError: expected [true] but found [false]
at TestScenerios.Scenerios.amountMore(Scenerios.java:393)
... Removed 29 stack frames]]>
    </failure>
  </testcase> <!-- amountMore -->
  <testcase name="untick" time="20.04" classname="TestScenerios.Scenerios">
    <failure type="java.lang.AssertionError" message="expected [true] but found [false]">
      <![CDATA[java.lang.AssertionError: expected [true] but found [false]
at TestScenerios.Scenerios.untick(Scenerios.java:422)
... Removed 29 stack frames]]>
    </failure>
  </testcase> <!-- untick -->
  <testcase name="tick" time="22.053" classname="TestScenerios.Scenerios">
    <failure type="java.lang.AssertionError" message="expected [true] but found [false]">
      <![CDATA[java.lang.AssertionError: expected [true] but found [false]
at TestScenerios.Scenerios.tick(Scenerios.java:440)
... Removed 29 stack frames]]>
    </failure>
  </testcase> <!-- tick -->
  <testcase name="namePlaceHolder" time="0.027" classname="TestScenerios.Scenerios">
    <failure type="java.lang.AssertionError" message="expected [true] but found [false]">
      <![CDATA[java.lang.AssertionError: expected [true] but found [false]
at TestScenerios.Scenerios.namePlaceHolder(Scenerios.java:460)
... Removed 29 stack frames]]>
    </failure>
  </testcase> <!-- namePlaceHolder -->
  <testcase name="emailPlaceHolder" time="0.063" classname="TestScenerios.Scenerios">
    <failure type="java.lang.AssertionError" message="expected [true] but found [false]">
      <![CDATA[java.lang.AssertionError: expected [true] but found [false]
at TestScenerios.Scenerios.emailPlaceHolder(Scenerios.java:478)
... Removed 29 stack frames]]>
    </failure>
  </testcase> <!-- emailPlaceHolder -->
  <testcase name="invalidEmail" time="0.015" classname="TestScenerios.Scenerios">
    <failure type="java.lang.AssertionError" message="expected [true] but found [false]">
      <![CDATA[java.lang.AssertionError: expected [true] but found [false]
at TestScenerios.Scenerios.invalidEmail(Scenerios.java:507)
... Removed 29 stack frames]]>
    </failure>
  </testcase> <!-- invalidEmail -->
</testsuite> <!-- Test Opera -->
