<?xml version="1.0" encoding="UTF-8"?>
<!-- Generated by org.testng.reporters.JUnitXMLReporter -->
<testsuite hostname="LAPTOP-1NL8S0VC" name="Test Chrome S2" tests="5" failures="0" timestamp="23 Oct 2020 18:31:38 GMT" time="26.611" errors="0">
  <testcase name="verifyOneway" time="0.54" classname="TestScenerios.Scenerio2"/>
  <testcase name="enterSource" time="6.644" classname="TestScenerios.Scenerio2"/>
  <testcase name="enterDestination" time="6.253" classname="TestScenerios.Scenerio2"/>
  <testcase name="enterDepatureDate" time="0.541" classname="TestScenerios.Scenerio2"/>
  <testcase name="enterPickupTime" time="0.516" classname="TestScenerios.Scenerio2"/>
</testsuite> <!-- Test Chrome S2 -->
