<?xml version="1.0" encoding="UTF-8"?>
<!-- Generated by org.testng.reporters.JUnitXMLReporter -->
<testsuite ignored="1" hostname="LAPTOP-QKD19MOL" failures="0" tests="10" name="Default test" time="81.141" errors="0" timestamp="24 Jan 2021 09:39:20 GMT">
  <testcase classname="TestScenerios.SceneriosTest" name="verifyTitle" time="22.215"/>
  <testcase classname="TestScenerios.SceneriosTest" name="verifyClick" time="0.568"/>
  <testcase classname="TestScenerios.SceneriosTest" name="verifyOneway" time="0.055"/>
  <testcase classname="TestScenerios.SceneriosTest" name="enterSource" time="6.79"/>
  <testcase classname="TestScenerios.SceneriosTest" name="enterDestination" time="6.314"/>
  <testcase classname="TestScenerios.SceneriosTest" name="enterDepatureDate" time="0.559"/>
  <testcase classname="TestScenerios.SceneriosTest" name="enterPickupTime" time="0.791"/>
  <testcase classname="TestScenerios.SceneriosTest" name="clickSearch" time="1.587"/>
  <testcase classname="TestScenerios.SceneriosTest" name="findSUV" time="5.086"/>
  <testcase classname="TestScenerios.SceneriosTest" name="gitCards" time="31.983"/>
  <testcase classname="DriverAndBasicFunctions.BaseFunctions" name="@AfterTest endReport" time="0.0">
    <ignored/>
  </testcase> <!-- @AfterTest endReport -->
</testsuite> <!-- Default test -->
