<?xml version="1.0" encoding="UTF-8"?>
<!-- Generated by org.testng.reporters.JUnitXMLReporter -->
<testsuite ignored="1" hostname="LAPTOP-QKD19MOL" failures="0" tests="9" name="Default test" time="45.989" errors="0" timestamp="02 Feb 2021 07:35:39 GMT">
  <testcase classname="TestScenerios.SceneriosTest" name="verifyTitle" time="20.159"/>
  <testcase classname="TestScenerios.SceneriosTest" name="verifyClick" time="0.291"/>
  <testcase classname="TestScenerios.SceneriosTest" name="verifyOneway" time="0.022"/>
  <testcase classname="TestScenerios.SceneriosTest" name="enterSource" time="6.46"/>
  <testcase classname="TestScenerios.SceneriosTest" name="enterDestination" time="6.217"/>
  <testcase classname="TestScenerios.SceneriosTest" name="enterDepatureDate" time="0.407"/>
  <testcase classname="TestScenerios.SceneriosTest" name="enterPickupTime" time="0.502"/>
  <testcase classname="TestScenerios.SceneriosTest" name="clickSearch" time="1.216"/>
  <testcase classname="TestScenerios.SceneriosTest" name="findSUV" time="5.715"/>
  <testcase classname="DriverAndBasicFunctions.BaseFunctions" name="@AfterTest endReport" time="0.0">
    <ignored/>
  </testcase> <!-- @AfterTest endReport -->
</testsuite> <!-- Default test -->
